Grade for assignment [StollUriel]: 8/10

take #1: you're missing or misspelled a method so my tests can't run.  Please fix asap.

deducting 1 point for this mistake.

building Student StollUriel assignment code base from directory /Users/avraham/YUGitRepos/1300/StollUriel/IntroToCompSci/assignments/Library2
[ERROR] COMPILATION ERROR : 
[ERROR] /Users/avraham/YUGitRepos/1300/StollUriel/IntroToCompSci/assignments/Library2/src/test/java/edu/yu/intro/test/TestPatron.java:[35,56] cannot find symbol
  symbol:   method getAddress()
  location: variable patron of type edu.yu.intro.Patron
[ERROR] Failed to execute goal org.apache.maven.plugins:maven-compiler-plugin:3.7.0:testCompile (default-testCompile) on project Library2: Compilation failure
[ERROR] /Users/avraham/YUGitRepos/1300/StollUriel/IntroToCompSci/assignments/Library2/src/test/java/edu/yu/intro/test/TestPatron.java:[35,56] cannot find symbol
[ERROR] symbol:   method getAddress()
[ERROR] location: variable patron of type edu.yu.intro.Patron
[ERROR] -> [Help 1]
[ERROR] 
[ERROR] To see the full stack trace of the errors, re-run Maven with the -e switch.
[ERROR] Re-run Maven using the -X switch to enable full debug logging.
[ERROR] 
[ERROR] For more information about the errors and possible solutions, please read the following articles:
[ERROR] [Help 1] http://cwiki.apache.org/confluence/display/MAVEN/MojoFailureException
Grade for assignment [StollUriel]: /10
building Student StollUriel assignment code base from directory /Users/avraham/YUGitRepos/1300/StollUriel/IntroToCompSci/assignments/Library2

take #2:

Failed tests: 
  TestLibrary.multipleCopiesOfBooksAllowed:133 expected:<2> but was:<1>
  TestPatrons.getByUUIDMustBeNonEmpty Expected exception: java.lang.RuntimeException

Tests run: 40, Failures: 2, Errors: 0, Skipped: 0

Reducing the -1 penalty for "getAddress()", first-time typo to 0.5

-0.5 for getByUUIDMustBeNonEmpty()
-1 for multipleCopiesOfBooksAllowed()

-------------------------------------------------------
 T E S T S
-------------------------------------------------------
Test cases to execute : 5
Running edu.yu.intro.test.TestPatrons
Execution Started : patronLastNameQueryCantSupplyNull
Execution Finished : patronLastNameQueryCantSupplyNull
Execution Started : patronLastNameQueryWithEmptyStringReturnsAllPatrons
Execution Finished : patronLastNameQueryWithEmptyStringReturnsAllPatrons
Execution Started : getByUUIDMustBeNonNull
Execution Finished : getByUUIDMustBeNonNull
Execution Started : testVanillaContainerBehavior
Execution Finished : testVanillaContainerBehavior
Execution Started : getByUUIDMustBeNonEmpty
Execution Failure : java.lang.AssertionError: Expected exception: java.lang.RuntimeException
Execution Finished : getByUUIDMustBeNonEmpty
Tests run: 5, Failures: 1, Errors: 0, Skipped: 0, Time elapsed: 0.062 sec <<< FAILURE! - in edu.yu.intro.test.TestPatrons
getByUUIDMustBeNonEmpty(edu.yu.intro.test.TestPatrons)  Time elapsed: 0.005 sec  <<< FAILURE!
java.lang.AssertionError: Expected exception: java.lang.RuntimeException

Running edu.yu.intro.test.Library2Test
Execution Started : testNotEqual
Execution Finished : testNotEqual
Execution Started : sameISBNTest
Execution Finished : sameISBNTest
Execution Started : testEqualHashcodes
Execution Finished : testEqualHashcodes
Execution Started : filterTest
Execution Finished : filterTest
Execution Started : getPatronViaUUID
Execution Finished : getPatronViaUUID
Execution Started : isISBNInHoldingsTest
Execution Finished : isISBNInHoldingsTest
Execution Started : nBooksTest
Execution Finished : nBooksTest
Execution Started : getBookTest
Execution Finished : getBookTest
Execution Started : isTitleInHoldingsTest
Execution Finished : isTitleInHoldingsTest
Tests run: 9, Failures: 0, Errors: 0, Skipped: 0, Time elapsed: 0.002 sec - in edu.yu.intro.test.Library2Test
Running edu.yu.intro.test.TestBook
Execution Started : invalidEmptyAuthor
Execution Finished : invalidEmptyAuthor
Execution Started : invalidEmptyTitle
Execution Finished : invalidEmptyTitle
Execution Started : invalidBookType
Execution Finished : invalidBookType
Execution Started : testEqualsAndHashcodes
Execution Finished : testEqualsAndHashcodes
Execution Started : testNotEquals
Execution Finished : testNotEquals
Execution Started : testVanillaConstructor
[INFO ] 2019-05-02 12:40:02.864 [main] TestBook testVanillaConstructor - Created book edu.yu.intro.Book@3e82f7ae
Execution Finished : testVanillaConstructor
Execution Started : invalidEmptyIsbn
Execution Finished : invalidEmptyIsbn
Tests run: 7, Failures: 0, Errors: 0, Skipped: 0, Time elapsed: 0.415 sec - in edu.yu.intro.test.TestBook
Running edu.yu.intro.test.TestPatron
Execution Started : invalidEmptyFirstName
Execution Finished : invalidEmptyFirstName
Execution Started : invalidEmptyAddress
Execution Finished : invalidEmptyAddress
Execution Started : invalidEmptyLastName
Execution Finished : invalidEmptyLastName
Execution Started : testNotEquals
Execution Finished : testNotEquals
Execution Started : testVanillaConstructor
[INFO ] 2019-05-02 12:40:02.870 [main] TestPatron testVanillaConstructor - Created patron edu.yu.intro.Patron@2763ca31
Execution Finished : testVanillaConstructor
Tests run: 5, Failures: 0, Errors: 0, Skipped: 0, Time elapsed: 0.001 sec - in edu.yu.intro.test.TestPatron
Running edu.yu.intro.test.TestLibrary
Execution Started : queryByISBNMustBeValid
Execution Finished : queryByISBNMustBeValid
Execution Started : runDriver
Execution Finished : runDriver
Execution Started : addedBooksScenario
Execution Finished : addedBooksScenario
Execution Started : queryByISBNMustBePositive
Execution Finished : queryByISBNMustBePositive
Execution Started : queryByTitleMustNotBeNull
Execution Finished : queryByTitleMustNotBeNull
Execution Started : invalidEmptyAddress
Execution Finished : invalidEmptyAddress
Execution Started : multipleCopiesOfBooksAllowed
Execution Failure : java.lang.AssertionError: expected:<2> but was:<1>
Execution Finished : multipleCopiesOfBooksAllowed
Execution Started : queryByTitleMustNotBeEmpty
Execution Finished : queryByTitleMustNotBeEmpty
Execution Started : newLibraryScenario
Execution Finished : newLibraryScenario
Execution Started : testEqualsAndHashcode
Execution Finished : testEqualsAndHashcode
Execution Started : testNotEquals
Execution Finished : testNotEquals
Execution Started : testVanillaConstructor
[INFO ] 2019-05-02 12:40:02.876 [main] TestLibrary testVanillaConstructor - Created library {class edu.yu.intro.Library[name=Finkelstein Memorial Library Central Library, address=24 W Rte 59, Spring Valley, NY 10977, phone number=(845) 352-5700]}
Execution Finished : testVanillaConstructor
Execution Started : invalidEmptyPhoneNumber
Execution Finished : invalidEmptyPhoneNumber
Execution Started : invalidEmptyName
Execution Finished : invalidEmptyName
Tests run: 14, Failures: 1, Errors: 0, Skipped: 0, Time elapsed: 0.003 sec <<< FAILURE! - in edu.yu.intro.test.TestLibrary
multipleCopiesOfBooksAllowed(edu.yu.intro.test.TestLibrary)  Time elapsed: 0.001 sec  <<< FAILURE!
java.lang.AssertionError: expected:<2> but was:<1>
	at edu.yu.intro.test.TestLibrary.multipleCopiesOfBooksAllowed(TestLibrary.java:133)

Test cases executed : 40

Results :

Failed tests: 
  TestLibrary.multipleCopiesOfBooksAllowed:133 expected:<2> but was:<1>
  TestPatrons.getByUUIDMustBeNonEmpty Expected exception: java.lang.RuntimeException

Tests run: 40, Failures: 2, Errors: 0, Skipped: 0

[ERROR] Failed to execute goal org.apache.maven.plugins:maven-surefire-plugin:2.19.1:test (default-test) on project Library2: There are test failures.
[ERROR] 
[ERROR] Please refer to /Users/avraham/YUGitRepos/1300/StollUriel/IntroToCompSci/assignments/Library2/target/surefire-reports for the individual test results.
[ERROR] -> [Help 1]
[ERROR] 
[ERROR] To see the full stack trace of the errors, re-run Maven with the -e switch.
[ERROR] Re-run Maven using the -X switch to enable full debug logging.
[ERROR] 
[ERROR] For more information about the errors and possible solutions, please read the following articles:
[ERROR] [Help 1] http://cwiki.apache.org/confluence/display/MAVEN/MojoFailureException
