Grade for assignment [StollUriel]: 8/10

take #1: We need to discuss the failure for "equalsAndHashcodeImplementation" when we next meet.

The next set of errors arise from the fact that you're keeping a
STATIC set of library names which therefore persist between test runs
and cause you to throw an exception.  Perhaps we need to discuss the
semantics of "static", perhaps you simply over-interpreted the
requirements.  Please remember to discuss when we next meet.

The result is that your code throws an exception when my test code executes

    testLibrary = new Library(name, address, phoneNumber);


Deducting one point for the first error and another point for the next set of errors.

Warning: I plan to continue to test your equals/hashCode semantics going forward!

Failed tests: 
  TestBook.equalsAndHashcodeImplementation:66 Mismatch on equal Books expected:<edu.yu.intro.Book@52e677af> but was:<edu.yu.intro.Book@35083305>
Tests in error: 
  TestLibrary.setup:50 » IllegalArgument This library name already exists.
  TestLibrary.setup:50 » IllegalArgument This library name already exists.
  TestLibrary.setup:50 » IllegalArgument This library name already exists.
  TestLibrary.setup:50 » IllegalArgument This library name already exists.
  TestLibrary.setup:50 » IllegalArgument This library name already exists.
  TestLibrary.setup:50 » IllegalArgument This library name already exists.
  TestLibrary.setup:50 » IllegalArgument This library name already exists.
  TestLibrary.setup:50 » IllegalArgument This library name already exists.
  TestLibrary.setup:50 » IllegalArgument This library name already exists.
  TestLibrary.setup:50 » IllegalArgument This library name already exists.
  TestLibrary.setup:50 » IllegalArgument This library name already exists.
  TestLibrary.setup:50 » IllegalArgument This library name already exists.

Tests run: 30, Failures: 1, Errors: 12, Skipped: 0


building Student StollUriel assignment code base from directory /Users/avraham/YUGitRepos/1300/StollUriel/IntroToCompSci/assignments/Library1

-------------------------------------------------------
 T E S T S
-------------------------------------------------------
Test cases to execute : 3
Running edu.yu.intro.test.Library1Test
Execution Started : duplicateLibraryNamesTest
Execution Finished : duplicateLibraryNamesTest
Execution Started : isISBNInHoldingsTest
Execution Finished : isISBNInHoldingsTest
Execution Started : illegalArgumentsBook
Execution Finished : illegalArgumentsBook
Execution Started : isbnDuplicates
Execution Finished : isbnDuplicates
Execution Started : nBooksTest
Execution Finished : nBooksTest
Execution Started : getBookTest
Execution Finished : getBookTest
Execution Started : nullLibraryName
Execution Finished : nullLibraryName
Execution Started : isTitleInHoldingsTest
Execution Finished : isTitleInHoldingsTest
Execution Started : addBookTest
Execution Finished : addBookTest
Execution Started : bookTest
Execution Finished : bookTest
Tests run: 10, Failures: 0, Errors: 0, Skipped: 0, Time elapsed: 0.045 sec - in edu.yu.intro.test.Library1Test
Running edu.yu.intro.test.TestBook
Execution Started : testEmptyTitle
Execution Finished : testEmptyTitle
Execution Started : testInvalidIsbn
Execution Finished : testInvalidIsbn
Execution Started : testEmptyAuthor
Execution Finished : testEmptyAuthor
Execution Started : testInvalidBookType
Execution Finished : testInvalidBookType
Execution Started : testNotEquals
Execution Finished : testNotEquals
Execution Started : testVanillaConstructor
[INFO ] 2019-04-30 08:42:44.300 [main] TestBook testVanillaConstructor - Created book edu.yu.intro.Book@ca263c2
Execution Finished : testVanillaConstructor
Execution Started : equalsAndHashcodeImplementation
Execution Failure : java.lang.AssertionError: Mismatch on equal Books expected:<edu.yu.intro.Book@52e677af> but was:<edu.yu.intro.Book@35083305>
Execution Finished : equalsAndHashcodeImplementation
Tests run: 7, Failures: 1, Errors: 0, Skipped: 0, Time elapsed: 0.449 sec <<< FAILURE! - in edu.yu.intro.test.TestBook
equalsAndHashcodeImplementation(edu.yu.intro.test.TestBook)  Time elapsed: 0.004 sec  <<< FAILURE!
java.lang.AssertionError: Mismatch on equal Books expected:<edu.yu.intro.Book@52e677af> but was:<edu.yu.intro.Book@35083305>
	at edu.yu.intro.test.TestBook.equalsAndHashcodeImplementation(TestBook.java:66)

Running edu.yu.intro.test.TestLibrary
Execution Started : testEmptyPhoneNumber
Execution Finished : testEmptyPhoneNumber
Execution Started : addedBooksScenario
Execution Failure : java.lang.IllegalArgumentException: This library name already exists.
Execution Finished : addedBooksScenario
Execution Started : isbnQueryMustSupplyPositiveISBN
Execution Failure : java.lang.IllegalArgumentException: This library name already exists.
Execution Finished : isbnQueryMustSupplyPositiveISBN
Execution Started : testEmptyName
Execution Failure : java.lang.IllegalArgumentException: This library name already exists.
Execution Finished : testEmptyName
Execution Started : queryByTitleMustNotBeNull
Execution Failure : java.lang.IllegalArgumentException: This library name already exists.
Execution Finished : queryByTitleMustNotBeNull
Execution Started : testEmptyAddress
Execution Failure : java.lang.IllegalArgumentException: This library name already exists.
Execution Finished : testEmptyAddress
Execution Started : multipleCopiesOfBooksAllowed
Execution Failure : java.lang.IllegalArgumentException: This library name already exists.
Execution Finished : multipleCopiesOfBooksAllowed
Execution Started : queryByTitleMustNotBeEmpty
Execution Failure : java.lang.IllegalArgumentException: This library name already exists.
Execution Finished : queryByTitleMustNotBeEmpty
Execution Started : newLibraryScenario
Execution Failure : java.lang.IllegalArgumentException: This library name already exists.
Execution Finished : newLibraryScenario
Execution Started : testNotEquals
Execution Failure : java.lang.IllegalArgumentException: This library name already exists.
Execution Finished : testNotEquals
Execution Started : testVanillaConstructor
Execution Failure : java.lang.IllegalArgumentException: This library name already exists.
Execution Finished : testVanillaConstructor
Execution Started : equalsAndHashcodeImplementation
Execution Failure : java.lang.IllegalArgumentException: This library name already exists.
Execution Finished : equalsAndHashcodeImplementation
Execution Started : isbnQueryMustSupplyCorrectNumberOfDigits
Execution Failure : java.lang.IllegalArgumentException: This library name already exists.
Execution Finished : isbnQueryMustSupplyCorrectNumberOfDigits
Tests run: 13, Failures: 0, Errors: 12, Skipped: 0, Time elapsed: 0.002 sec <<< FAILURE! - in edu.yu.intro.test.TestLibrary
addedBooksScenario(edu.yu.intro.test.TestLibrary)  Time elapsed: 0 sec  <<< ERROR!
java.lang.IllegalArgumentException: This library name already exists.
	at edu.yu.intro.test.TestLibrary.setup(TestLibrary.java:50)

isbnQueryMustSupplyPositiveISBN(edu.yu.intro.test.TestLibrary)  Time elapsed: 0 sec  <<< ERROR!
java.lang.IllegalArgumentException: This library name already exists.
	at edu.yu.intro.test.TestLibrary.setup(TestLibrary.java:50)

testEmptyName(edu.yu.intro.test.TestLibrary)  Time elapsed: 0 sec  <<< ERROR!
java.lang.IllegalArgumentException: This library name already exists.
	at edu.yu.intro.test.TestLibrary.setup(TestLibrary.java:50)

queryByTitleMustNotBeNull(edu.yu.intro.test.TestLibrary)  Time elapsed: 0 sec  <<< ERROR!
java.lang.IllegalArgumentException: This library name already exists.
	at edu.yu.intro.test.TestLibrary.setup(TestLibrary.java:50)

testEmptyAddress(edu.yu.intro.test.TestLibrary)  Time elapsed: 0 sec  <<< ERROR!
java.lang.IllegalArgumentException: This library name already exists.
	at edu.yu.intro.test.TestLibrary.setup(TestLibrary.java:50)

multipleCopiesOfBooksAllowed(edu.yu.intro.test.TestLibrary)  Time elapsed: 0 sec  <<< ERROR!
java.lang.IllegalArgumentException: This library name already exists.
	at edu.yu.intro.test.TestLibrary.setup(TestLibrary.java:50)

queryByTitleMustNotBeEmpty(edu.yu.intro.test.TestLibrary)  Time elapsed: 0 sec  <<< ERROR!
java.lang.IllegalArgumentException: This library name already exists.
	at edu.yu.intro.test.TestLibrary.setup(TestLibrary.java:50)

newLibraryScenario(edu.yu.intro.test.TestLibrary)  Time elapsed: 0 sec  <<< ERROR!
java.lang.IllegalArgumentException: This library name already exists.
	at edu.yu.intro.test.TestLibrary.setup(TestLibrary.java:50)

testNotEquals(edu.yu.intro.test.TestLibrary)  Time elapsed: 0 sec  <<< ERROR!
java.lang.IllegalArgumentException: This library name already exists.
	at edu.yu.intro.test.TestLibrary.setup(TestLibrary.java:50)

testVanillaConstructor(edu.yu.intro.test.TestLibrary)  Time elapsed: 0 sec  <<< ERROR!
java.lang.IllegalArgumentException: This library name already exists.
	at edu.yu.intro.test.TestLibrary.setup(TestLibrary.java:50)

equalsAndHashcodeImplementation(edu.yu.intro.test.TestLibrary)  Time elapsed: 0 sec  <<< ERROR!
java.lang.IllegalArgumentException: This library name already exists.
	at edu.yu.intro.test.TestLibrary.setup(TestLibrary.java:50)

isbnQueryMustSupplyCorrectNumberOfDigits(edu.yu.intro.test.TestLibrary)  Time elapsed: 0 sec  <<< ERROR!
java.lang.IllegalArgumentException: This library name already exists.
	at edu.yu.intro.test.TestLibrary.setup(TestLibrary.java:50)

Test cases executed : 30

Results :

Failed tests: 
  TestBook.equalsAndHashcodeImplementation:66 Mismatch on equal Books expected:<edu.yu.intro.Book@52e677af> but was:<edu.yu.intro.Book@35083305>
Tests in error: 
  TestLibrary.setup:50 » IllegalArgument This library name already exists.
  TestLibrary.setup:50 » IllegalArgument This library name already exists.
  TestLibrary.setup:50 » IllegalArgument This library name already exists.
  TestLibrary.setup:50 » IllegalArgument This library name already exists.
  TestLibrary.setup:50 » IllegalArgument This library name already exists.
  TestLibrary.setup:50 » IllegalArgument This library name already exists.
  TestLibrary.setup:50 » IllegalArgument This library name already exists.
  TestLibrary.setup:50 » IllegalArgument This library name already exists.
  TestLibrary.setup:50 » IllegalArgument This library name already exists.
  TestLibrary.setup:50 » IllegalArgument This library name already exists.
  TestLibrary.setup:50 » IllegalArgument This library name already exists.
  TestLibrary.setup:50 » IllegalArgument This library name already exists.

Tests run: 30, Failures: 1, Errors: 12, Skipped: 0

[ERROR] Failed to execute goal org.apache.maven.plugins:maven-surefire-plugin:2.19.1:test (default-test) on project Library1: There are test failures.
[ERROR] 
[ERROR] Please refer to /Users/avraham/YUGitRepos/1300/StollUriel/IntroToCompSci/assignments/Library1/target/surefire-reports for the individual test results.
[ERROR] -> [Help 1]
[ERROR] 
[ERROR] To see the full stack trace of the errors, re-run Maven with the -e switch.
[ERROR] Re-run Maven using the -X switch to enable full debug logging.
[ERROR] 
[ERROR] For more information about the errors and possible solutions, please read the following articles:
[ERROR] [Help 1] http://cwiki.apache.org/confluence/display/MAVEN/MojoFailureException
